<?xml version="1.0" encoding="UTF-8"?>
<!-- Generated by org.testng.reporters.JUnitReportReporter -->
<testsuite hostname="Akshay" failures="0" tests="1" name="com.crm.ContactTest.CreateContactWithOrg2Test" time="17.607" errors="0" timestamp="2022-03-17T17:24:36 IST" skipped="0">
  <testcase classname="com.crm.ContactTest.CreateContactWithOrg2Test" name="createcontactanyorgtest" time="17.607"/>
  <system-out/>
</testsuite> <!-- com.crm.ContactTest.CreateContactWithOrg2Test -->
