<?xml version="1.0" encoding="UTF-8"?>
<!-- Generated by org.testng.reporters.JUnitReportReporter -->
<testsuite hostname="Akshay" failures="0" tests="1" name="PracticesForProject.News18Test" time="0.000" errors="0" timestamp="2022-06-27T14:52:00 IST" skipped="1">
  <testcase classname="PracticesForProject.News18Test" name="check404errorinpage" time="0.000">
    <skipped/>
  </testcase> <!-- check404errorinpage -->
  <system-out/>
</testsuite> <!-- PracticesForProject.News18Test -->
