<?xml version="1.0" encoding="UTF-8"?>
<!-- Generated by org.testng.reporters.JUnitReportReporter -->
<testsuite hostname="Akshay" failures="0" tests="3" name="PracticesForProject.PageSpeedInsightTest" time="22.299" errors="0" timestamp="2022-06-20T11:31:40 IST" skipped="0">
  <testcase classname="PracticesForProject.PageSpeedInsightTest" name="pagespeedinsightTest" time="9.111"/>
  <system-out/>
  <testcase classname="PracticesForProject.PageSpeedInsightTest" name="pagespeedinsightTest" time="7.349"/>
  <system-out/>
  <testcase classname="PracticesForProject.PageSpeedInsightTest" name="pagespeedinsightTest" time="5.839"/>
  <system-out/>
</testsuite> <!-- PracticesForProject.PageSpeedInsightTest -->
