<?xml version="1.0" encoding="UTF-8"?>
<!-- Generated by org.testng.reporters.JUnitReportReporter -->
<testsuite hostname="Akshay" failures="0" tests="1" name="practicesfoeinterview.IRCIC" time="238.920" errors="0" timestamp="2022-06-14T11:25:52 IST" skipped="0">
  <testcase classname="practicesfoeinterview.IRCIC" name="busbooking" time="238.920"/>
  <system-out/>
</testsuite> <!-- practicesfoeinterview.IRCIC -->
