<?xml version="1.0" encoding="UTF-8"?>
<!-- Generated by org.testng.reporters.JUnitReportReporter -->
<testsuite hostname="TYSS-Akshay" failures="0" tests="1" name="PracticesForProject.Print_Text_Inside_The_Image" time="6.959" errors="0" timestamp="2022-08-02T17:21:49 IST" skipped="0">
  <testcase classname="PracticesForProject.Print_Text_Inside_The_Image" name="sendkey" time="6.959"/>
  <system-out/>
</testsuite> <!-- PracticesForProject.Print_Text_Inside_The_Image -->
