<?xml version="1.0" encoding="UTF-8"?>
<!-- Generated by org.testng.reporters.JUnitReportReporter -->
<testsuite hostname="Akshay" failures="0" tests="1" name="com.crm.ContactTest.CreateContactTest" time="26.367" errors="0" timestamp="2022-03-25T09:49:52 IST" skipped="0">
  <testcase classname="com.crm.ContactTest.CreateContactTest" name="createcontacttest" time="26.367"/>
  <system-out/>
</testsuite> <!-- com.crm.ContactTest.CreateContactTest -->
