<?xml version="1.0" encoding="UTF-8"?>
<!-- Generated by org.testng.reporters.JUnitReportReporter -->
<testsuite hostname="Akshay" failures="0" tests="1" name="com.crm.PRACTICE.DebuggingPractices" time="0.011" errors="0" timestamp="2022-03-18T12:08:04 IST" skipped="0">
  <testcase classname="com.crm.PRACTICE.DebuggingPractices" name="demo" time="0.011"/>
  <system-out/>
</testsuite> <!-- com.crm.PRACTICE.DebuggingPractices -->
