<?xml version="1.0" encoding="UTF-8"?>
<!-- Generated by org.testng.reporters.JUnitReportReporter -->
<testsuite hostname="TYSS-Akshay" failures="0" tests="1" name="PracticesForProject.Differentways_of_shadowdom_handles" time="6.841" errors="0" timestamp="2022-08-04T16:05:09 IST" skipped="0">
  <testcase classname="PracticesForProject.Differentways_of_shadowdom_handles" name="shadowdom1" time="6.841"/>
  <system-out/>
</testsuite> <!-- PracticesForProject.Differentways_of_shadowdom_handles -->
