<?xml version="1.0" encoding="UTF-8"?>
<!-- Generated by org.testng.reporters.JUnitReportReporter -->
<testsuite hostname="TYSS-Akshay" failures="0" tests="1" name="PracticesForProject.FindHowMuchTimeTakenToVisibilityOfWebElementInWebPage" time="13.679" errors="0" timestamp="2022-09-08T11:59:59 IST" skipped="0">
  <testcase classname="PracticesForProject.FindHowMuchTimeTakenToVisibilityOfWebElementInWebPage" name="loginButtonLoadingTiming" time="13.679"/>
  <system-out/>
</testsuite> <!-- PracticesForProject.FindHowMuchTimeTakenToVisibilityOfWebElementInWebPage -->
