<?xml version="1.0" encoding="UTF-8"?>
<!-- Generated by org.testng.reporters.JUnitReportReporter -->
<testsuite hostname="Akshay" failures="0" tests="1" name="practicesfoeinterview.childbrowserpopup" time="21.248" errors="0" timestamp="2022-06-10T10:25:22 IST" skipped="0">
  <testcase classname="practicesfoeinterview.childbrowserpopup" name="childbrowser" time="21.248"/>
  <system-out/>
</testsuite> <!-- practicesfoeinterview.childbrowserpopup -->
