<?xml version="1.0" encoding="UTF-8"?>
<!-- Generated by org.testng.reporters.JUnitReportReporter -->
<testsuite hostname="TYSS-Akshay" failures="0" tests="1" name="PracticesForProject.Print_Text_Inside_The_Image" time="3.412" errors="0" timestamp="2022-09-12T10:16:07 IST" skipped="0">
  <testcase classname="PracticesForProject.Print_Text_Inside_The_Image" name="printtextinsidetheimage" time="3.412"/>
  <system-out/>
</testsuite> <!-- PracticesForProject.Print_Text_Inside_The_Image -->
