<?xml version="1.0" encoding="UTF-8"?>
<!-- Generated by org.testng.reporters.JUnitReportReporter -->
<testsuite hostname="TYSS-Akshay" failures="0" tests="1" name="PracticesForProject.News18_Ad_VerificationTest" time="141.562" errors="0" timestamp="2022-08-08T16:29:00 IST" skipped="0">
  <testcase classname="PracticesForProject.News18_Ad_VerificationTest" name="Fiest_Ad" time="141.562"/>
  <system-out/>
</testsuite> <!-- PracticesForProject.News18_Ad_VerificationTest -->
