<?xml version="1.0" encoding="UTF-8"?>
<!-- Generated by org.testng.reporters.JUnitReportReporter -->
<testsuite hostname="TYSS-Akshay" failures="0" tests="1" name="PracticesForProject.ImageVerificationInIRCTC" time="36.177" errors="0" timestamp="2022-09-12T10:40:07 IST" skipped="0">
  <testcase classname="PracticesForProject.ImageVerificationInIRCTC" name="imageComparing" time="36.177"/>
  <system-out/>
</testsuite> <!-- PracticesForProject.ImageVerificationInIRCTC -->
