<?xml version="1.0" encoding="UTF-8"?>
<!-- Generated by org.testng.reporters.JUnitReportReporter -->
<testsuite hostname="Akshay" failures="0" tests="1" name="com.crm.ContactTest.CreateContactUsingQuickCreate2Test" time="13.937" errors="0" timestamp="2022-03-17T17:11:19 IST" skipped="0">
  <testcase classname="com.crm.ContactTest.CreateContactUsingQuickCreate2Test" name="createcontacttest" time="13.937"/>
  <system-out/>
</testsuite> <!-- com.crm.ContactTest.CreateContactUsingQuickCreate2Test -->
