<?xml version="1.0" encoding="UTF-8"?>
<!-- Generated by org.testng.reporters.JUnitReportReporter -->
<testsuite hostname="TYSS-Akshay" failures="0" tests="1" name="PracticesForProject.News18_Ads_Title_Ads_DimensionsTest" time="173.165" errors="0" timestamp="2022-08-23T13:04:48 IST" skipped="0">
  <testcase classname="PracticesForProject.News18_Ads_Title_Ads_DimensionsTest" name="First_Ad" time="173.165"/>
  <system-out/>
</testsuite> <!-- PracticesForProject.News18_Ads_Title_Ads_DimensionsTest -->
